<?xml version="1.0" encoding="UTF-8"?>
<testng-results skipped="0" failed="0" ignored="0" total="1" passed="1">
  <reporter-output>
  </reporter-output>
  <suite name="Default suite" duration-ms="42958" started-at="2018-07-27T12:45:55Z" finished-at="2018-07-27T12:46:38Z">
    <groups>
    </groups>
    <test name="Default test" duration-ms="42958" started-at="2018-07-27T12:45:55Z" finished-at="2018-07-27T12:46:38Z">
      <class name="performance_test.MeasurePageLoadTimeForDesktop">
        <test-method status="PASS" signature="beforeSuite()[pri:0, instance:performance_test.MeasurePageLoadTimeForDesktop@2eda0940]" name="beforeSuite" is-config="true" duration-ms="541" started-at="2018-07-27T12:45:55Z" finished-at="2018-07-27T12:45:55Z">
          <reporter-output>
          </reporter-output>
        </test-method> <!-- beforeSuite -->
        <test-method status="PASS" signature="beforeTest()[pri:0, instance:performance_test.MeasurePageLoadTimeForDesktop@2eda0940]" name="beforeTest" is-config="true" duration-ms="1" started-at="2018-07-27T12:45:55Z" finished-at="2018-07-27T12:45:55Z">
          <reporter-output>
          </reporter-output>
        </test-method> <!-- beforeTest -->
        <test-method status="PASS" signature="startTestCase()[pri:0, instance:performance_test.MeasurePageLoadTimeForDesktop@2eda0940]" name="startTestCase" is-config="true" duration-ms="0" started-at="2018-07-27T12:45:55Z" finished-at="2018-07-27T12:45:55Z">
          <reporter-output>
          </reporter-output>
        </test-method> <!-- startTestCase -->
        <test-method status="PASS" signature="beforeMethod()[pri:0, instance:performance_test.MeasurePageLoadTimeForDesktop@2eda0940]" name="beforeMethod" is-config="true" duration-ms="2" started-at="2018-07-27T12:45:55Z" finished-at="2018-07-27T12:45:55Z">
          <reporter-output>
          </reporter-output>
        </test-method> <!-- beforeMethod -->
        <test-method status="PASS" signature="getPageLoadTimeForDesktop()[pri:0, instance:performance_test.MeasurePageLoadTimeForDesktop@2eda0940]" name="getPageLoadTimeForDesktop" duration-ms="42340" started-at="2018-07-27T12:45:55Z" finished-at="2018-07-27T12:46:38Z">
          <reporter-output>
          </reporter-output>
        </test-method> <!-- getPageLoadTimeForDesktop -->
        <test-method status="PASS" signature="afterMethod(org.testng.ITestResult)[pri:0, instance:performance_test.MeasurePageLoadTimeForDesktop@2eda0940]" name="afterMethod" is-config="true" duration-ms="591" started-at="2018-07-27T12:46:38Z" finished-at="2018-07-27T12:46:38Z">
          <params>
            <param index="0">
              <value>
                <![CDATA[[TestResult name=getPageLoadTimeForDesktop status=SUCCESS method=MeasurePageLoadTimeForDesktop.getPageLoadTimeForDesktop()[pri:0, instance:performance_test.MeasurePageLoadTimeForDesktop@2eda0940] output={null}]]]>
              </value>
            </param>
          </params>
          <reporter-output>
          </reporter-output>
        </test-method> <!-- afterMethod -->
        <test-method status="PASS" signature="afterClass()[pri:0, instance:performance_test.MeasurePageLoadTimeForDesktop@2eda0940]" name="afterClass" is-config="true" duration-ms="0" started-at="2018-07-27T12:46:38Z" finished-at="2018-07-27T12:46:38Z">
          <reporter-output>
          </reporter-output>
        </test-method> <!-- afterClass -->
        <test-method status="PASS" signature="afterTest()[pri:0, instance:performance_test.MeasurePageLoadTimeForDesktop@2eda0940]" name="afterTest" is-config="true" duration-ms="0" started-at="2018-07-27T12:46:38Z" finished-at="2018-07-27T12:46:38Z">
          <reporter-output>
          </reporter-output>
        </test-method> <!-- afterTest -->
        <test-method status="PASS" signature="afterSuite()[pri:0, instance:performance_test.MeasurePageLoadTimeForDesktop@2eda0940]" name="afterSuite" is-config="true" duration-ms="1" started-at="2018-07-27T12:46:38Z" finished-at="2018-07-27T12:46:38Z">
          <reporter-output>
          </reporter-output>
        </test-method> <!-- afterSuite -->
      </class> <!-- performance_test.MeasurePageLoadTimeForDesktop -->
    </test> <!-- Default test -->
  </suite> <!-- Default suite -->
</testng-results>
